# JRE version: Java(TM) SE Runtime Environment (8.0_25-b18) (build 1.8.0_25-b18)
# Java VM: Java HotSpot(TM) 64-Bit Server VM (25.25-b02 mixed mode windows-amd64 compressed oops)
Heap:
 PSYoungGen      total 401920K, used 303533K [0x0000000781980000, 0x00000007a1d80000, 0x00000007c0000000)
  eden space 385024K, 74% used [0x0000000781980000,0x000000079316c820,0x0000000799180000)
  from space 16896K, 99% used [0x0000000799180000,0x000000079a1fed58,0x000000079a200000)
  to   space 25088K, 0% used [0x00000007a0500000,0x00000007a0500000,0x00000007a1d80000)
 ParOldGen       total 111616K, used 28805K [0x0000000704c00000, 0x000000070b900000, 0x0000000781980000)
  object space 111616K, 25% used [0x0000000704c00000,0x0000000706821680,0x000000070b900000)
 Metaspace       used 50394K, capacity 50990K, committed 51456K, reserved 1093632K
  class space    used 6457K, capacity 6599K, committed 6656K, reserved 1048576K
GC Heap History (10 events):
Event: 7.758 GC heap before
{Heap before GC invocations=7 (full 1):
 PSYoungGen      total 202240K, used 194560K [0x0000000781980000, 0x000000079b280000, 0x00000007c0000000)
  eden space 194560K, 100% used [0x0000000781980000,0x000000078d780000,0x000000078d780000)
  from space 7680K, 0% used [0x000000078d780000,0x000000078d780000,0x000000078df00000)
  to   space 14848K, 0% used [0x000000079a400000,0x000000079a400000,0x000000079b280000)
 ParOldGen       total 79872K, used 12319K [0x0000000704c00000, 0x0000000709a00000, 0x0000000781980000)
  object space 79872K, 15% used [0x0000000704c00000,0x0000000705807de8,0x0000000709a00000)
 Metaspace       used 29005K, capacity 29302K, committed 29568K, reserved 1075200K
  class space    used 3562K, capacity 3641K, committed 3712K, reserved 1048576K
Event: 7.784 GC heap after
Heap after GC invocations=7 (full 1):
 PSYoungGen      total 345600K, used 14816K [0x0000000781980000, 0x000000079b280000, 0x00000007c0000000)
  eden space 330752K, 0% used [0x0000000781980000,0x0000000781980000,0x0000000795c80000)
  from space 14848K, 99% used [0x000000079a400000,0x000000079b2782c8,0x000000079b280000)
  to   space 16896K, 0% used [0x0000000799180000,0x0000000799180000,0x000000079a200000)
 ParOldGen       total 79872K, used 12844K [0x0000000704c00000, 0x0000000709a00000, 0x0000000781980000)
  object space 79872K, 16% used [0x0000000704c00000,0x000000070588b080,0x0000000709a00000)
 Metaspace       used 29005K, capacity 29302K, committed 29568K, reserved 1075200K
  class space    used 3562K, capacity 3641K, committed 3712K, reserved 1048576K
}
Event: 10.480 GC heap before
{Heap before GC invocations=8 (full 1):
 PSYoungGen      total 345600K, used 345568K [0x0000000781980000, 0x000000079b280000, 0x00000007c0000000)
  eden space 330752K, 100% used [0x0000000781980000,0x0000000795c80000,0x0000000795c80000)
  from space 14848K, 99% used [0x000000079a400000,0x000000079b2782c8,0x000000079b280000)
  to   space 16896K, 0% used [0x0000000799180000,0x0000000799180000,0x000000079a200000)
 ParOldGen       total 79872K, used 12844K [0x0000000704c00000, 0x0000000709a00000, 0x0000000781980000)
  object space 79872K, 16% used [0x0000000704c00000,0x000000070588b080,0x0000000709a00000)
 Metaspace       used 34451K, capacity 34768K, committed 35200K, reserved 1079296K
  class space    used 4311K, capacity 4390K, committed 4480K, reserved 1048576K
Event: 10.957 GC heap after
Heap after GC invocations=8 (full 1):
 PSYoungGen      total 347648K, used 16886K [0x0000000781980000, 0x000000079b280000, 0x00000007c0000000)
  eden space 330752K, 0% used [0x0000000781980000,0x0000000781980000,0x0000000795c80000)
  from space 16896K, 99% used [0x0000000799180000,0x000000079a1fd900,0x000000079a200000)
  to   space 14848K, 0% used [0x000000079a400000,0x000000079a400000,0x000000079b280000)
 ParOldGen       total 79872K, used 20307K [0x0000000704c00000, 0x0000000709a00000, 0x0000000781980000)
  object space 79872K, 25% used [0x0000000704c00000,0x0000000705fd4f58,0x0000000709a00000)
 Metaspace       used 34451K, capacity 34768K, committed 35200K, reserved 1079296K
  class space    used 4311K, capacity 4390K, committed 4480K, reserved 1048576K
}
Event: 11.459 GC heap before
{Heap before GC invocations=9 (full 1):
 PSYoungGen      total 347648K, used 99967K [0x0000000781980000, 0x000000079b280000, 0x00000007c0000000)
  eden space 330752K, 25% used [0x0000000781980000,0x0000000786aa2508,0x0000000795c80000)
  from space 16896K, 99% used [0x0000000799180000,0x000000079a1fd900,0x000000079a200000)
  to   space 14848K, 0% used [0x000000079a400000,0x000000079a400000,0x000000079b280000)
 ParOldGen       total 79872K, used 20307K [0x0000000704c00000, 0x0000000709a00000, 0x0000000781980000)
  object space 79872K, 25% used [0x0000000704c00000,0x0000000705fd4f58,0x0000000709a00000)
 Metaspace       used 34962K, capacity 35286K, committed 35456K, reserved 1081344K
  class space    used 4390K, capacity 4455K, committed 4480K, reserved 1048576K
Event: 11.579 GC heap after
Heap after GC invocations=9 (full 1):
 PSYoungGen      total 345600K, used 14827K [0x0000000781980000, 0x000000079b280000, 0x00000007c0000000)
  eden space 330752K, 0% used [0x0000000781980000,0x0000000781980000,0x0000000795c80000)
  from space 14848K, 99% used [0x000000079a400000,0x000000079b27ae50,0x000000079b280000)
  to   space 16896K, 0% used [0x0000000799180000,0x0000000799180000,0x000000079a200000)
 ParOldGen       total 79872K, used 24036K [0x0000000704c00000, 0x0000000709a00000, 0x0000000781980000)
  object space 79872K, 30% used [0x0000000704c00000,0x00000007063792b8,0x0000000709a00000)
 Metaspace       used 34962K, capacity 35286K, committed 35456K, reserved 1081344K
  class space    used 4390K, capacity 4455K, committed 4480K, reserved 1048576K
}
Event: 11.579 GC heap before
{Heap before GC invocations=10 (full 2):
 PSYoungGen      total 345600K, used 14827K [0x0000000781980000, 0x000000079b280000, 0x00000007c0000000)
  eden space 330752K, 0% used [0x0000000781980000,0x0000000781980000,0x0000000795c80000)
  from space 14848K, 99% used [0x000000079a400000,0x000000079b27ae50,0x000000079b280000)
  to   space 16896K, 0% used [0x0000000799180000,0x0000000799180000,0x000000079a200000)
 ParOldGen       total 79872K, used 24036K [0x0000000704c00000, 0x0000000709a00000, 0x0000000781980000)
  object space 79872K, 30% used [0x0000000704c00000,0x00000007063792b8,0x0000000709a00000)
 Metaspace       used 34962K, capacity 35286K, committed 35456K, reserved 1081344K
  class space    used 4390K, capacity 4455K, committed 4480K, reserved 1048576K
Event: 11.861 GC heap after
Heap after GC invocations=10 (full 2):
 PSYoungGen      total 345600K, used 0K [0x0000000781980000, 0x000000079b280000, 0x00000007c0000000)
  eden space 330752K, 0% used [0x0000000781980000,0x0000000781980000,0x0000000795c80000)
  from space 14848K, 0% used [0x000000079a400000,0x000000079a400000,0x000000079b280000)
  to   space 16896K, 0% used [0x0000000799180000,0x0000000799180000,0x000000079a200000)
 ParOldGen       total 111616K, used 28274K [0x0000000704c00000, 0x000000070b900000, 0x0000000781980000)
  object space 111616K, 25% used [0x0000000704c00000,0x000000070679cae0,0x000000070b900000)
 Metaspace       used 34962K, capacity 35286K, committed 35456K, reserved 1081344K
  class space    used 4390K, capacity 4455K, committed 4480K, reserved 1048576K
}
Event: 14.633 GC heap before
{Heap before GC invocations=11 (full 2):
 PSYoungGen      total 345600K, used 330752K [0x0000000781980000, 0x000000079b280000, 0x00000007c0000000)
  eden space 330752K, 100% used [0x0000000781980000,0x0000000795c80000,0x0000000795c80000)
  from space 14848K, 0% used [0x000000079a400000,0x000000079a400000,0x000000079b280000)
  to   space 16896K, 0% used [0x0000000799180000,0x0000000799180000,0x000000079a200000)
 ParOldGen       total 111616K, used 28274K [0x0000000704c00000, 0x000000070b900000, 0x0000000781980000)
  object space 111616K, 25% used [0x0000000704c00000,0x000000070679cae0,0x000000070b900000)
 Metaspace       used 41497K, capacity 42040K, committed 42240K, reserved 1085440K
  class space    used 5243K, capacity 5362K, committed 5376K, reserved 1048576K
Event: 14.746 GC heap after
Heap after GC invocations=11 (full 2):
 PSYoungGen      total 401920K, used 16891K [0x0000000781980000, 0x00000007a1d80000, 0x00000007c0000000)
  eden space 385024K, 0% used [0x0000000781980000,0x0000000781980000,0x0000000799180000)
  from space 16896K, 99% used [0x0000000799180000,0x000000079a1fed58,0x000000079a200000)
  to   space 25088K, 0% used [0x00000007a0500000,0x00000007a0500000,0x00000007a1d80000)
 ParOldGen       total 111616K, used 28805K [0x0000000704c00000, 0x000000070b900000, 0x0000000781980000)
  object space 111616K, 25% used [0x0000000704c00000,0x0000000706821680,0x000000070b900000)
 Metaspace       used 41497K, capacity 42040K, committed 42240K, reserved 1085440K
  class space    used 5243K, capacity 5362K, committed 5376K, reserved 1048576K
}

