# JRE version: Java(TM) SE Runtime Environment (8.0_25-b18) (build 1.8.0_25-b18)
# Java VM: Java HotSpot(TM) 64-Bit Server VM (25.25-b02 mixed mode windows-amd64 compressed oops)
Heap:
 PSYoungGen      total 407552K, used 82598K [0x0000000781980000, 0x00000007a2e00000, 0x00000007c0000000)
  eden space 385024K, 21% used [0x0000000781980000,0x0000000786a29b20,0x0000000799180000)
  from space 22528K, 0% used [0x00000007a1800000,0x00000007a1800000,0x00000007a2e00000)
  to   space 16896K, 0% used [0x0000000799180000,0x0000000799180000,0x000000079a200000)
 ParOldGen       total 140288K, used 25950K [0x0000000704c00000, 0x000000070d500000, 0x0000000781980000)
  object space 140288K, 18% used [0x0000000704c00000,0x0000000706557af8,0x000000070d500000)
 Metaspace       used 36956K, capacity 37338K, committed 37760K, reserved 1083392K
  class space    used 4629K, capacity 4701K, committed 4736K, reserved 1048576K
GC Heap History (10 events):
Event: 4.954 GC heap before
{Heap before GC invocations=6 (full 1):
 PSYoungGen      total 202240K, used 7662K [0x0000000781980000, 0x000000079b280000, 0x00000007c0000000)
  eden space 194560K, 0% used [0x0000000781980000,0x0000000781980000,0x000000078d780000)
  from space 7680K, 99% used [0x000000078d780000,0x000000078defba80,0x000000078df00000)
  to   space 14848K, 0% used [0x000000079a400000,0x000000079a400000,0x000000079b280000)
 ParOldGen       total 128512K, used 13226K [0x0000000704c00000, 0x000000070c980000, 0x0000000781980000)
  object space 128512K, 10% used [0x0000000704c00000,0x00000007058ea930,0x000000070c980000)
 Metaspace       used 20897K, capacity 21216K, committed 21296K, reserved 1069056K
  class space    used 2589K, capacity 2666K, committed 2688K, reserved 1048576K
Event: 5.016 GC heap after
Heap after GC invocations=6 (full 1):
 PSYoungGen      total 202240K, used 0K [0x0000000781980000, 0x000000079b280000, 0x00000007c0000000)
  eden space 194560K, 0% used [0x0000000781980000,0x0000000781980000,0x000000078d780000)
  from space 7680K, 0% used [0x000000078d780000,0x000000078d780000,0x000000078df00000)
  to   space 14848K, 0% used [0x000000079a400000,0x000000079a400000,0x000000079b280000)
 ParOldGen       total 85504K, used 12228K [0x0000000704c00000, 0x0000000709f80000, 0x0000000781980000)
  object space 85504K, 14% used [0x0000000704c00000,0x00000007057f1240,0x0000000709f80000)
 Metaspace       used 20897K, capacity 21216K, committed 21296K, reserved 1069056K
  class space    used 2589K, capacity 2666K, committed 2688K, reserved 1048576K
}
Event: 7.657 GC heap before
{Heap before GC invocations=7 (full 1):
 PSYoungGen      total 202240K, used 194560K [0x0000000781980000, 0x000000079b280000, 0x00000007c0000000)
  eden space 194560K, 100% used [0x0000000781980000,0x000000078d780000,0x000000078d780000)
  from space 7680K, 0% used [0x000000078d780000,0x000000078d780000,0x000000078df00000)
  to   space 14848K, 0% used [0x000000079a400000,0x000000079a400000,0x000000079b280000)
 ParOldGen       total 85504K, used 12228K [0x0000000704c00000, 0x0000000709f80000, 0x0000000781980000)
  object space 85504K, 14% used [0x0000000704c00000,0x00000007057f1240,0x0000000709f80000)
 Metaspace       used 29069K, capacity 29434K, committed 29824K, reserved 1075200K
  class space    used 3563K, capacity 3641K, committed 3712K, reserved 1048576K
Event: 7.677 GC heap after
Heap after GC invocations=7 (full 1):
 PSYoungGen      total 323584K, used 14843K [0x0000000781980000, 0x000000079b280000, 0x00000007c0000000)
  eden space 308736K, 0% used [0x0000000781980000,0x0000000781980000,0x0000000794700000)
  from space 14848K, 99% used [0x000000079a400000,0x000000079b27ef70,0x000000079b280000)
  to   space 16896K, 0% used [0x0000000799180000,0x0000000799180000,0x000000079a200000)
 ParOldGen       total 85504K, used 12813K [0x0000000704c00000, 0x0000000709f80000, 0x0000000781980000)
  object space 85504K, 14% used [0x0000000704c00000,0x00000007058837e0,0x0000000709f80000)
 Metaspace       used 29069K, capacity 29434K, committed 29824K, reserved 1075200K
  class space    used 3563K, capacity 3641K, committed 3712K, reserved 1048576K
}
Event: 10.289 GC heap before
{Heap before GC invocations=8 (full 1):
 PSYoungGen      total 323584K, used 323579K [0x0000000781980000, 0x000000079b280000, 0x00000007c0000000)
  eden space 308736K, 100% used [0x0000000781980000,0x0000000794700000,0x0000000794700000)
  from space 14848K, 99% used [0x000000079a400000,0x000000079b27ef70,0x000000079b280000)
  to   space 16896K, 0% used [0x0000000799180000,0x0000000799180000,0x000000079a200000)
 ParOldGen       total 85504K, used 12813K [0x0000000704c00000, 0x0000000709f80000, 0x0000000781980000)
  object space 85504K, 14% used [0x0000000704c00000,0x00000007058837e0,0x0000000709f80000)
 Metaspace       used 33997K, capacity 34356K, committed 34816K, reserved 1079296K
  class space    used 4229K, capacity 4294K, committed 4352K, reserved 1048576K
Event: 10.364 GC heap after
Heap after GC invocations=8 (full 1):
 PSYoungGen      total 401920K, used 16886K [0x0000000781980000, 0x00000007a2e00000, 0x00000007c0000000)
  eden space 385024K, 0% used [0x0000000781980000,0x0000000781980000,0x0000000799180000)
  from space 16896K, 99% used [0x0000000799180000,0x000000079a1fdb10,0x000000079a200000)
  to   space 22528K, 0% used [0x00000007a1800000,0x00000007a1800000,0x00000007a2e00000)
 ParOldGen       total 85504K, used 19233K [0x0000000704c00000, 0x0000000709f80000, 0x0000000781980000)
  object space 85504K, 22% used [0x0000000704c00000,0x0000000705ec8460,0x0000000709f80000)
 Metaspace       used 33997K, capacity 34356K, committed 34816K, reserved 1079296K
  class space    used 4229K, capacity 4294K, committed 4352K, reserved 1048576K
}
Event: 10.964 GC heap before
{Heap before GC invocations=9 (full 1):
 PSYoungGen      total 401920K, used 103323K [0x0000000781980000, 0x00000007a2e00000, 0x00000007c0000000)
  eden space 385024K, 22% used [0x0000000781980000,0x0000000786de9210,0x0000000799180000)
  from space 16896K, 99% used [0x0000000799180000,0x000000079a1fdb10,0x000000079a200000)
  to   space 22528K, 0% used [0x00000007a1800000,0x00000007a1800000,0x00000007a2e00000)
 ParOldGen       total 85504K, used 19233K [0x0000000704c00000, 0x0000000709f80000, 0x0000000781980000)
  object space 85504K, 22% used [0x0000000704c00000,0x0000000705ec8460,0x0000000709f80000)
 Metaspace       used 34928K, capacity 35226K, committed 35456K, reserved 1081344K
  class space    used 4379K, capacity 4455K, committed 4480K, reserved 1048576K
Event: 11.010 GC heap after
Heap after GC invocations=9 (full 1):
 PSYoungGen      total 407552K, used 16303K [0x0000000781980000, 0x00000007a2e00000, 0x00000007c0000000)
  eden space 385024K, 0% used [0x0000000781980000,0x0000000781980000,0x0000000799180000)
  from space 22528K, 72% used [0x00000007a1800000,0x00000007a27ebd98,0x00000007a2e00000)
  to   space 16896K, 0% used [0x0000000799180000,0x0000000799180000,0x000000079a200000)
 ParOldGen       total 85504K, used 19241K [0x0000000704c00000, 0x0000000709f80000, 0x0000000781980000)
  object space 85504K, 22% used [0x0000000704c00000,0x0000000705eca460,0x0000000709f80000)
 Metaspace       used 34928K, capacity 35226K, committed 35456K, reserved 1081344K
  class space    used 4379K, capacity 4455K, committed 4480K, reserved 1048576K
}
Event: 11.010 GC heap before
{Heap before GC invocations=10 (full 2):
 PSYoungGen      total 407552K, used 16303K [0x0000000781980000, 0x00000007a2e00000, 0x00000007c0000000)
  eden space 385024K, 0% used [0x0000000781980000,0x0000000781980000,0x0000000799180000)
  from space 22528K, 72% used [0x00000007a1800000,0x00000007a27ebd98,0x00000007a2e00000)
  to   space 16896K, 0% used [0x0000000799180000,0x0000000799180000,0x000000079a200000)
 ParOldGen       total 85504K, used 19241K [0x0000000704c00000, 0x0000000709f80000, 0x0000000781980000)
  object space 85504K, 22% used [0x0000000704c00000,0x0000000705eca460,0x0000000709f80000)
 Metaspace       used 34928K, capacity 35226K, committed 35456K, reserved 1081344K
  class space    used 4379K, capacity 4455K, committed 4480K, reserved 1048576K
Event: 11.538 GC heap after
Heap after GC invocations=10 (full 2):
 PSYoungGen      total 407552K, used 0K [0x0000000781980000, 0x00000007a2e00000, 0x00000007c0000000)
  eden space 385024K, 0% used [0x0000000781980000,0x0000000781980000,0x0000000799180000)
  from space 22528K, 0% used [0x00000007a1800000,0x00000007a1800000,0x00000007a2e00000)
  to   space 16896K, 0% used [0x0000000799180000,0x0000000799180000,0x000000079a200000)
 ParOldGen       total 140288K, used 25950K [0x0000000704c00000, 0x000000070d500000, 0x0000000781980000)
  object space 140288K, 18% used [0x0000000704c00000,0x0000000706557af8,0x000000070d500000)
 Metaspace       used 34928K, capacity 35226K, committed 35456K, reserved 1081344K
  class space    used 4379K, capacity 4455K, committed 4480K, reserved 1048576K
}

