# JRE version: Java(TM) SE Runtime Environment (8.0_25-b18) (build 1.8.0_25-b18)
# Java VM: Java HotSpot(TM) 64-Bit Server VM (25.25-b02 mixed mode windows-amd64 compressed oops)
Heap:
 PSYoungGen      total 525312K, used 401052K [0x0000000781980000, 0x00000007aaf00000, 0x00000007c0000000)
  eden space 502272K, 79% used [0x0000000781980000,0x000000079a1272e8,0x00000007a0400000)
  from space 23040K, 0% used [0x00000007a1c00000,0x00000007a1c00000,0x00000007a3280000)
  to   space 24576K, 0% used [0x00000007a0400000,0x00000007a0400000,0x00000007a1c00000)
 ParOldGen       total 84480K, used 28723K [0x0000000704c00000, 0x0000000709e80000, 0x0000000781980000)
  object space 84480K, 34% used [0x0000000704c00000,0x000000070680cec0,0x0000000709e80000)
 Metaspace       used 44718K, capacity 45362K, committed 45568K, reserved 1089536K
  class space    used 5674K, capacity 5821K, committed 5888K, reserved 1048576K
GC Heap History (10 events):
Event: 4.735 GC heap before
{Heap before GC invocations=6 (full 1):
 PSYoungGen      total 202240K, used 7665K [0x0000000781980000, 0x000000079b280000, 0x00000007c0000000)
  eden space 194560K, 0% used [0x0000000781980000,0x0000000781980000,0x000000078d780000)
  from space 7680K, 99% used [0x000000078d780000,0x000000078defc7e0,0x000000078df00000)
  to   space 14848K, 0% used [0x000000079a400000,0x000000079a400000,0x000000079b280000)
 ParOldGen       total 128512K, used 12608K [0x0000000704c00000, 0x000000070c980000, 0x0000000781980000)
  object space 128512K, 9% used [0x0000000704c00000,0x00000007058500d8,0x000000070c980000)
 Metaspace       used 20953K, capacity 21212K, committed 21296K, reserved 1069056K
  class space    used 2602K, capacity 2666K, committed 2688K, reserved 1048576K
Event: 4.813 GC heap after
Heap after GC invocations=6 (full 1):
 PSYoungGen      total 202240K, used 0K [0x0000000781980000, 0x000000079b280000, 0x00000007c0000000)
  eden space 194560K, 0% used [0x0000000781980000,0x0000000781980000,0x000000078d780000)
  from space 7680K, 0% used [0x000000078d780000,0x000000078d780000,0x000000078df00000)
  to   space 14848K, 0% used [0x000000079a400000,0x000000079a400000,0x000000079b280000)
 ParOldGen       total 84480K, used 12306K [0x0000000704c00000, 0x0000000709e80000, 0x0000000781980000)
  object space 84480K, 14% used [0x0000000704c00000,0x0000000705804928,0x0000000709e80000)
 Metaspace       used 20953K, capacity 21212K, committed 21296K, reserved 1069056K
  class space    used 2602K, capacity 2666K, committed 2688K, reserved 1048576K
}
Event: 7.512 GC heap before
{Heap before GC invocations=7 (full 1):
 PSYoungGen      total 202240K, used 194560K [0x0000000781980000, 0x000000079b280000, 0x00000007c0000000)
  eden space 194560K, 100% used [0x0000000781980000,0x000000078d780000,0x000000078d780000)
  from space 7680K, 0% used [0x000000078d780000,0x000000078d780000,0x000000078df00000)
  to   space 14848K, 0% used [0x000000079a400000,0x000000079a400000,0x000000079b280000)
 ParOldGen       total 84480K, used 12306K [0x0000000704c00000, 0x0000000709e80000, 0x0000000781980000)
  object space 84480K, 14% used [0x0000000704c00000,0x0000000705804928,0x0000000709e80000)
 Metaspace       used 29075K, capacity 29436K, committed 29824K, reserved 1075200K
  class space    used 3567K, capacity 3642K, committed 3712K, reserved 1048576K
Event: 7.554 GC heap after
Heap after GC invocations=7 (full 1):
 PSYoungGen      total 328704K, used 14835K [0x0000000781980000, 0x000000079b280000, 0x00000007c0000000)
  eden space 313856K, 0% used [0x0000000781980000,0x0000000781980000,0x0000000794c00000)
  from space 14848K, 99% used [0x000000079a400000,0x000000079b27ce20,0x000000079b280000)
  to   space 17408K, 0% used [0x0000000799080000,0x0000000799080000,0x000000079a180000)
 ParOldGen       total 84480K, used 12853K [0x0000000704c00000, 0x0000000709e80000, 0x0000000781980000)
  object space 84480K, 15% used [0x0000000704c00000,0x000000070588d578,0x0000000709e80000)
 Metaspace       used 29075K, capacity 29436K, committed 29824K, reserved 1075200K
  class space    used 3567K, capacity 3642K, committed 3712K, reserved 1048576K
}
Event: 10.055 GC heap before
{Heap before GC invocations=8 (full 1):
 PSYoungGen      total 328704K, used 328691K [0x0000000781980000, 0x000000079b280000, 0x00000007c0000000)
  eden space 313856K, 100% used [0x0000000781980000,0x0000000794c00000,0x0000000794c00000)
  from space 14848K, 99% used [0x000000079a400000,0x000000079b27ce20,0x000000079b280000)
  to   space 17408K, 0% used [0x0000000799080000,0x0000000799080000,0x000000079a180000)
 ParOldGen       total 84480K, used 12853K [0x0000000704c00000, 0x0000000709e80000, 0x0000000781980000)
  object space 84480K, 15% used [0x0000000704c00000,0x000000070588d578,0x0000000709e80000)
 Metaspace       used 34195K, capacity 34518K, committed 34816K, reserved 1079296K
  class space    used 4269K, capacity 4327K, committed 4352K, reserved 1048576K
Event: 10.112 GC heap after
Heap after GC invocations=8 (full 1):
 PSYoungGen      total 401408K, used 17393K [0x0000000781980000, 0x00000007a3280000, 0x00000007c0000000)
  eden space 384000K, 0% used [0x0000000781980000,0x0000000781980000,0x0000000799080000)
  from space 17408K, 99% used [0x0000000799080000,0x000000079a17c560,0x000000079a180000)
  to   space 23040K, 0% used [0x00000007a1c00000,0x00000007a1c00000,0x00000007a3280000)
 ParOldGen       total 84480K, used 19231K [0x0000000704c00000, 0x0000000709e80000, 0x0000000781980000)
  object space 84480K, 22% used [0x0000000704c00000,0x0000000705ec7d98,0x0000000709e80000)
 Metaspace       used 34195K, capacity 34518K, committed 34816K, reserved 1079296K
  class space    used 4269K, capacity 4327K, committed 4352K, reserved 1048576K
}
Event: 10.751 GC heap before
{Heap before GC invocations=9 (full 1):
 PSYoungGen      total 401408K, used 118886K [0x0000000781980000, 0x00000007a3280000, 0x00000007c0000000)
  eden space 384000K, 26% used [0x0000000781980000,0x0000000787c9d588,0x0000000799080000)
  from space 17408K, 99% used [0x0000000799080000,0x000000079a17c560,0x000000079a180000)
  to   space 23040K, 0% used [0x00000007a1c00000,0x00000007a1c00000,0x00000007a3280000)
 ParOldGen       total 84480K, used 19231K [0x0000000704c00000, 0x0000000709e80000, 0x0000000781980000)
  object space 84480K, 22% used [0x0000000704c00000,0x0000000705ec7d98,0x0000000709e80000)
 Metaspace       used 34963K, capacity 35292K, committed 35456K, reserved 1081344K
  class space    used 4390K, capacity 4456K, committed 4480K, reserved 1048576K
Event: 10.778 GC heap after
Heap after GC invocations=9 (full 1):
 PSYoungGen      total 525312K, used 19094K [0x0000000781980000, 0x00000007aaf00000, 0x00000007c0000000)
  eden space 502272K, 0% used [0x0000000781980000,0x0000000781980000,0x00000007a0400000)
  from space 23040K, 82% used [0x00000007a1c00000,0x00000007a2ea5838,0x00000007a3280000)
  to   space 24576K, 0% used [0x00000007a0400000,0x00000007a0400000,0x00000007a1c00000)
 ParOldGen       total 84480K, used 19239K [0x0000000704c00000, 0x0000000709e80000, 0x0000000781980000)
  object space 84480K, 22% used [0x0000000704c00000,0x0000000705ec9d98,0x0000000709e80000)
 Metaspace       used 34963K, capacity 35292K, committed 35456K, reserved 1081344K
  class space    used 4390K, capacity 4456K, committed 4480K, reserved 1048576K
}
Event: 10.778 GC heap before
{Heap before GC invocations=10 (full 2):
 PSYoungGen      total 525312K, used 19094K [0x0000000781980000, 0x00000007aaf00000, 0x00000007c0000000)
  eden space 502272K, 0% used [0x0000000781980000,0x0000000781980000,0x00000007a0400000)
  from space 23040K, 82% used [0x00000007a1c00000,0x00000007a2ea5838,0x00000007a3280000)
  to   space 24576K, 0% used [0x00000007a0400000,0x00000007a0400000,0x00000007a1c00000)
 ParOldGen       total 84480K, used 19239K [0x0000000704c00000, 0x0000000709e80000, 0x0000000781980000)
  object space 84480K, 22% used [0x0000000704c00000,0x0000000705ec9d98,0x0000000709e80000)
 Metaspace       used 34963K, capacity 35292K, committed 35456K, reserved 1081344K
  class space    used 4390K, capacity 4456K, committed 4480K, reserved 1048576K
Event: 10.951 GC heap after
Heap after GC invocations=10 (full 2):
 PSYoungGen      total 525312K, used 0K [0x0000000781980000, 0x00000007aaf00000, 0x00000007c0000000)
  eden space 502272K, 0% used [0x0000000781980000,0x0000000781980000,0x00000007a0400000)
  from space 23040K, 0% used [0x00000007a1c00000,0x00000007a1c00000,0x00000007a3280000)
  to   space 24576K, 0% used [0x00000007a0400000,0x00000007a0400000,0x00000007a1c00000)
 ParOldGen       total 84480K, used 28723K [0x0000000704c00000, 0x0000000709e80000, 0x0000000781980000)
  object space 84480K, 34% used [0x0000000704c00000,0x000000070680cec0,0x0000000709e80000)
 Metaspace       used 34963K, capacity 35292K, committed 35456K, reserved 1081344K
  class space    used 4390K, capacity 4456K, committed 4480K, reserved 1048576K
}

