# JRE version: Java(TM) SE Runtime Environment (8.0_25-b18) (build 1.8.0_25-b18)
# Java VM: Java HotSpot(TM) 64-Bit Server VM (25.25-b02 mixed mode windows-amd64 compressed oops)
Heap:
 PSYoungGen      total 471552K, used 242389K [0x0000000781980000, 0x00000007a4580000, 0x00000007c0000000)
  eden space 451072K, 49% used [0x0000000781980000,0x000000078f2a5a90,0x000000079d200000)
  from space 20480K, 97% used [0x00000007a3180000,0x00000007a450fa60,0x00000007a4580000)
  to   space 24064K, 0% used [0x00000007a1680000,0x00000007a1680000,0x00000007a2e00000)
 ParOldGen       total 138240K, used 28700K [0x0000000704c00000, 0x000000070d300000, 0x0000000781980000)
  object space 138240K, 20% used [0x0000000704c00000,0x0000000706807170,0x000000070d300000)
 Metaspace       used 46414K, capacity 47064K, committed 47360K, reserved 1091584K
  class space    used 5884K, capacity 6020K, committed 6144K, reserved 1048576K
GC Heap History (10 events):
Event: 5.940 GC heap before
{Heap before GC invocations=6 (full 1):
 PSYoungGen      total 202240K, used 194560K [0x0000000781980000, 0x000000078e680000, 0x00000007c0000000)
  eden space 194560K, 100% used [0x0000000781980000,0x000000078d780000,0x000000078d780000)
  from space 7680K, 0% used [0x000000078df00000,0x000000078df00000,0x000000078e680000)
  to   space 7680K, 0% used [0x000000078d780000,0x000000078d780000,0x000000078df00000)
 ParOldGen       total 83968K, used 11194K [0x0000000704c00000, 0x0000000709e00000, 0x0000000781980000)
  object space 83968K, 13% used [0x0000000704c00000,0x00000007056eea38,0x0000000709e00000)
 Metaspace       used 26633K, capacity 26884K, committed 27008K, reserved 1073152K
  class space    used 3354K, capacity 3405K, committed 3456K, reserved 1048576K
Event: 5.990 GC heap after
Heap after GC invocations=6 (full 1):
 PSYoungGen      total 202240K, used 7665K [0x0000000781980000, 0x0000000797380000, 0x00000007c0000000)
  eden space 194560K, 0% used [0x0000000781980000,0x0000000781980000,0x000000078d780000)
  from space 7680K, 99% used [0x000000078d780000,0x000000078defc7f0,0x000000078df00000)
  to   space 14848K, 0% used [0x0000000796500000,0x0000000796500000,0x0000000797380000)
 ParOldGen       total 83968K, used 13518K [0x0000000704c00000, 0x0000000709e00000, 0x0000000781980000)
  object space 83968K, 16% used [0x0000000704c00000,0x00000007059339e0,0x0000000709e00000)
 Metaspace       used 26633K, capacity 26884K, committed 27008K, reserved 1073152K
  class space    used 3354K, capacity 3405K, committed 3456K, reserved 1048576K
}
Event: 7.868 GC heap before
{Heap before GC invocations=7 (full 1):
 PSYoungGen      total 202240K, used 202225K [0x0000000781980000, 0x0000000797380000, 0x00000007c0000000)
  eden space 194560K, 100% used [0x0000000781980000,0x000000078d780000,0x000000078d780000)
  from space 7680K, 99% used [0x000000078d780000,0x000000078defc7f0,0x000000078df00000)
  to   space 14848K, 0% used [0x0000000796500000,0x0000000796500000,0x0000000797380000)
 ParOldGen       total 83968K, used 13518K [0x0000000704c00000, 0x0000000709e00000, 0x0000000781980000)
  object space 83968K, 16% used [0x0000000704c00000,0x00000007059339e0,0x0000000709e00000)
 Metaspace       used 30700K, capacity 30978K, committed 31232K, reserved 1077248K
  class space    used 3791K, capacity 3826K, committed 3840K, reserved 1048576K
Event: 7.904 GC heap after
Heap after GC invocations=7 (full 1):
 PSYoungGen      total 336384K, used 14839K [0x0000000781980000, 0x0000000797680000, 0x00000007c0000000)
  eden space 321536K, 0% used [0x0000000781980000,0x0000000781980000,0x0000000795380000)
  from space 14848K, 99% used [0x0000000796500000,0x000000079737de70,0x0000000797380000)
  to   space 17920K, 0% used [0x0000000795380000,0x0000000795380000,0x0000000796500000)
 ParOldGen       total 83968K, used 15749K [0x0000000704c00000, 0x0000000709e00000, 0x0000000781980000)
  object space 83968K, 18% used [0x0000000704c00000,0x0000000705b61438,0x0000000709e00000)
 Metaspace       used 30700K, capacity 30978K, committed 31232K, reserved 1077248K
  class space    used 3791K, capacity 3826K, committed 3840K, reserved 1048576K
}
Event: 9.844 GC heap before
{Heap before GC invocations=8 (full 1):
 PSYoungGen      total 336384K, used 260398K [0x0000000781980000, 0x0000000797680000, 0x00000007c0000000)
  eden space 321536K, 76% used [0x0000000781980000,0x000000079094dcd8,0x0000000795380000)
  from space 14848K, 99% used [0x0000000796500000,0x000000079737de70,0x0000000797380000)
  to   space 17920K, 0% used [0x0000000795380000,0x0000000795380000,0x0000000796500000)
 ParOldGen       total 83968K, used 15749K [0x0000000704c00000, 0x0000000709e00000, 0x0000000781980000)
  object space 83968K, 18% used [0x0000000704c00000,0x0000000705b61438,0x0000000709e00000)
 Metaspace       used 34870K, capacity 35182K, committed 35456K, reserved 1081344K
  class space    used 4361K, capacity 4420K, committed 4480K, reserved 1048576K
Event: 9.883 GC heap after
Heap after GC invocations=8 (full 1):
 PSYoungGen      total 339456K, used 17906K [0x0000000781980000, 0x00000007a4700000, 0x00000007c0000000)
  eden space 321536K, 0% used [0x0000000781980000,0x0000000781980000,0x0000000795380000)
  from space 17920K, 99% used [0x0000000795380000,0x00000007964fca28,0x0000000796500000)
  to   space 22016K, 0% used [0x00000007a3180000,0x00000007a3180000,0x00000007a4700000)
 ParOldGen       total 83968K, used 18635K [0x0000000704c00000, 0x0000000709e00000, 0x0000000781980000)
  object space 83968K, 22% used [0x0000000704c00000,0x0000000705e32e70,0x0000000709e00000)
 Metaspace       used 34870K, capacity 35182K, committed 35456K, reserved 1081344K
  class space    used 4361K, capacity 4420K, committed 4480K, reserved 1048576K
}
Event: 9.883 GC heap before
{Heap before GC invocations=9 (full 2):
 PSYoungGen      total 339456K, used 17906K [0x0000000781980000, 0x00000007a4700000, 0x00000007c0000000)
  eden space 321536K, 0% used [0x0000000781980000,0x0000000781980000,0x0000000795380000)
  from space 17920K, 99% used [0x0000000795380000,0x00000007964fca28,0x0000000796500000)
  to   space 22016K, 0% used [0x00000007a3180000,0x00000007a3180000,0x00000007a4700000)
 ParOldGen       total 83968K, used 18635K [0x0000000704c00000, 0x0000000709e00000, 0x0000000781980000)
  object space 83968K, 22% used [0x0000000704c00000,0x0000000705e32e70,0x0000000709e00000)
 Metaspace       used 34870K, capacity 35182K, committed 35456K, reserved 1081344K
  class space    used 4361K, capacity 4420K, committed 4480K, reserved 1048576K
Event: 10.201 GC heap after
Heap after GC invocations=9 (full 2):
 PSYoungGen      total 339456K, used 0K [0x0000000781980000, 0x00000007a4700000, 0x00000007c0000000)
  eden space 321536K, 0% used [0x0000000781980000,0x0000000781980000,0x0000000795380000)
  from space 17920K, 0% used [0x0000000795380000,0x0000000795380000,0x0000000796500000)
  to   space 22016K, 0% used [0x00000007a3180000,0x00000007a3180000,0x00000007a4700000)
 ParOldGen       total 138240K, used 28700K [0x0000000704c00000, 0x000000070d300000, 0x0000000781980000)
  object space 138240K, 20% used [0x0000000704c00000,0x0000000706807170,0x000000070d300000)
 Metaspace       used 34869K, capacity 35180K, committed 35456K, reserved 1081344K
  class space    used 4360K, capacity 4419K, committed 4480K, reserved 1048576K
}
Event: 12.730 GC heap before
{Heap before GC invocations=10 (full 2):
 PSYoungGen      total 339456K, used 321536K [0x0000000781980000, 0x00000007a4700000, 0x00000007c0000000)
  eden space 321536K, 100% used [0x0000000781980000,0x0000000795380000,0x0000000795380000)
  from space 17920K, 0% used [0x0000000795380000,0x0000000795380000,0x0000000796500000)
  to   space 22016K, 0% used [0x00000007a3180000,0x00000007a3180000,0x00000007a4700000)
 ParOldGen       total 138240K, used 28700K [0x0000000704c00000, 0x000000070d300000, 0x0000000781980000)
  object space 138240K, 20% used [0x0000000704c00000,0x0000000706807170,0x000000070d300000)
 Metaspace       used 38184K, capacity 38658K, committed 38912K, reserved 1083392K
  class space    used 4769K, capacity 4846K, committed 4864K, reserved 1048576K
Event: 12.787 GC heap after
Heap after GC invocations=10 (full 2):
 PSYoungGen      total 471552K, used 20030K [0x0000000781980000, 0x00000007a4580000, 0x00000007c0000000)
  eden space 451072K, 0% used [0x0000000781980000,0x0000000781980000,0x000000079d200000)
  from space 20480K, 97% used [0x00000007a3180000,0x00000007a450fa60,0x00000007a4580000)
  to   space 24064K, 0% used [0x00000007a1680000,0x00000007a1680000,0x00000007a2e00000)
 ParOldGen       total 138240K, used 28700K [0x0000000704c00000, 0x000000070d300000, 0x0000000781980000)
  object space 138240K, 20% used [0x0000000704c00000,0x0000000706807170,0x000000070d300000)
 Metaspace       used 38184K, capacity 38658K, committed 38912K, reserved 1083392K
  class space    used 4769K, capacity 4846K, committed 4864K, reserved 1048576K
}

