# JRE version: Java(TM) SE Runtime Environment (8.0_25-b18) (build 1.8.0_25-b18)
# Java VM: Java HotSpot(TM) 64-Bit Server VM (25.25-b02 mixed mode windows-amd64 compressed oops)
Heap:
 PSYoungGen      total 697856K, used 72831K [0x0000000781980000, 0x00000007b4200000, 0x00000007c0000000)
  eden space 672768K, 10% used [0x0000000781980000,0x000000078609ff70,0x00000007aaa80000)
  from space 25088K, 0% used [0x00000007ac200000,0x00000007ac200000,0x00000007ada80000)
  to   space 24064K, 0% used [0x00000007aaa80000,0x00000007aaa80000,0x00000007ac200000)
 ParOldGen       total 132096K, used 32594K [0x0000000704c00000, 0x000000070cd00000, 0x0000000781980000)
  object space 132096K, 24% used [0x0000000704c00000,0x0000000706bd48f8,0x000000070cd00000)
 Metaspace       used 62997K, capacity 63666K, committed 63896K, reserved 1105920K
  class space    used 8178K, capacity 8304K, committed 8368K, reserved 1048576K
GC Heap History (10 events):
Event: 9.308 GC heap before
{Heap before GC invocations=9 (full 2):
 PSYoungGen      total 317440K, used 15933K [0x0000000781980000, 0x00000007a5900000, 0x00000007c0000000)
  eden space 299520K, 0% used [0x0000000781980000,0x0000000781980000,0x0000000793e00000)
  from space 17920K, 88% used [0x0000000793e00000,0x0000000794d8f568,0x0000000794f80000)
  to   space 19968K, 0% used [0x00000007a4580000,0x00000007a4580000,0x00000007a5900000)
 ParOldGen       total 73216K, used 17840K [0x0000000704c00000, 0x0000000709380000, 0x0000000781980000)
  object space 73216K, 24% used [0x0000000704c00000,0x0000000705d6c168,0x0000000709380000)
 Metaspace       used 34799K, capacity 35170K, committed 35496K, reserved 1081344K
  class space    used 4347K, capacity 4434K, committed 4528K, reserved 1048576K
Event: 9.573 GC heap after
Heap after GC invocations=9 (full 2):
 PSYoungGen      total 317440K, used 0K [0x0000000781980000, 0x00000007a5900000, 0x00000007c0000000)
  eden space 299520K, 0% used [0x0000000781980000,0x0000000781980000,0x0000000793e00000)
  from space 17920K, 0% used [0x0000000793e00000,0x0000000793e00000,0x0000000794f80000)
  to   space 19968K, 0% used [0x00000007a4580000,0x00000007a4580000,0x00000007a5900000)
 ParOldGen       total 110592K, used 23177K [0x0000000704c00000, 0x000000070b800000, 0x0000000781980000)
  object space 110592K, 20% used [0x0000000704c00000,0x00000007062a26b8,0x000000070b800000)
 Metaspace       used 34799K, capacity 35170K, committed 35496K, reserved 1081344K
  class space    used 4347K, capacity 4434K, committed 4528K, reserved 1048576K
}
Event: 13.654 GC heap before
{Heap before GC invocations=10 (full 2):
 PSYoungGen      total 317440K, used 299520K [0x0000000781980000, 0x00000007a5900000, 0x00000007c0000000)
  eden space 299520K, 100% used [0x0000000781980000,0x0000000793e00000,0x0000000793e00000)
  from space 17920K, 0% used [0x0000000793e00000,0x0000000793e00000,0x0000000794f80000)
  to   space 19968K, 0% used [0x00000007a4580000,0x00000007a4580000,0x00000007a5900000)
 ParOldGen       total 110592K, used 23177K [0x0000000704c00000, 0x000000070b800000, 0x0000000781980000)
  object space 110592K, 20% used [0x0000000704c00000,0x00000007062a26b8,0x000000070b800000)
 Metaspace       used 49101K, capacity 49502K, committed 50088K, reserved 1093632K
  class space    used 6450K, capacity 6556K, committed 6576K, reserved 1048576K
Event: 13.716 GC heap after
Heap after GC invocations=10 (full 2):
 PSYoungGen      total 516096K, used 19494K [0x0000000781980000, 0x00000007a5900000, 0x00000007c0000000)
  eden space 496128K, 0% used [0x0000000781980000,0x0000000781980000,0x000000079fe00000)
  from space 19968K, 97% used [0x00000007a4580000,0x00000007a5889898,0x00000007a5900000)
  to   space 22528K, 0% used [0x00000007a2d00000,0x00000007a2d00000,0x00000007a4300000)
 ParOldGen       total 110592K, used 23185K [0x0000000704c00000, 0x000000070b800000, 0x0000000781980000)
  object space 110592K, 20% used [0x0000000704c00000,0x00000007062a46b8,0x000000070b800000)
 Metaspace       used 49101K, capacity 49502K, committed 50088K, reserved 1093632K
  class space    used 6450K, capacity 6556K, committed 6576K, reserved 1048576K
}
Event: 47.104 GC heap before
{Heap before GC invocations=11 (full 2):
 PSYoungGen      total 516096K, used 515622K [0x0000000781980000, 0x00000007a5900000, 0x00000007c0000000)
  eden space 496128K, 100% used [0x0000000781980000,0x000000079fe00000,0x000000079fe00000)
  from space 19968K, 97% used [0x00000007a4580000,0x00000007a5889898,0x00000007a5900000)
  to   space 22528K, 0% used [0x00000007a2d00000,0x00000007a2d00000,0x00000007a4300000)
 ParOldGen       total 110592K, used 23185K [0x0000000704c00000, 0x000000070b800000, 0x0000000781980000)
  object space 110592K, 20% used [0x0000000704c00000,0x00000007062a46b8,0x000000070b800000)
 Metaspace       used 57425K, capacity 58060K, committed 58280K, reserved 1099776K
  class space    used 7492K, capacity 7599K, committed 7600K, reserved 1048576K
Event: 47.130 GC heap after
Heap after GC invocations=11 (full 2):
 PSYoungGen      total 566784K, used 20574K [0x0000000781980000, 0x00000007ada80000, 0x00000007c0000000)
  eden space 544256K, 0% used [0x0000000781980000,0x0000000781980000,0x00000007a2d00000)
  from space 22528K, 91% used [0x00000007a2d00000,0x00000007a41179a0,0x00000007a4300000)
  to   space 25088K, 0% used [0x00000007ac200000,0x00000007ac200000,0x00000007ada80000)
 ParOldGen       total 110592K, used 23193K [0x0000000704c00000, 0x000000070b800000, 0x0000000781980000)
  object space 110592K, 20% used [0x0000000704c00000,0x00000007062a66b8,0x000000070b800000)
 Metaspace       used 57425K, capacity 58060K, committed 58280K, reserved 1099776K
  class space    used 7492K, capacity 7599K, committed 7600K, reserved 1048576K
}
Event: 47.383 GC heap before
{Heap before GC invocations=12 (full 2):
 PSYoungGen      total 566784K, used 40449K [0x0000000781980000, 0x00000007ada80000, 0x00000007c0000000)
  eden space 544256K, 3% used [0x0000000781980000,0x0000000782ce8b70,0x00000007a2d00000)
  from space 22528K, 91% used [0x00000007a2d00000,0x00000007a41179a0,0x00000007a4300000)
  to   space 25088K, 0% used [0x00000007ac200000,0x00000007ac200000,0x00000007ada80000)
 ParOldGen       total 110592K, used 23193K [0x0000000704c00000, 0x000000070b800000, 0x0000000781980000)
  object space 110592K, 20% used [0x0000000704c00000,0x00000007062a66b8,0x000000070b800000)
 Metaspace       used 58317K, capacity 58898K, committed 59160K, reserved 1101824K
  class space    used 7628K, capacity 7728K, committed 7728K, reserved 1048576K
Event: 47.436 GC heap after
Heap after GC invocations=12 (full 2):
 PSYoungGen      total 697856K, used 10616K [0x0000000781980000, 0x00000007b4200000, 0x00000007c0000000)
  eden space 672768K, 0% used [0x0000000781980000,0x0000000781980000,0x00000007aaa80000)
  from space 25088K, 42% used [0x00000007ac200000,0x00000007acc5e058,0x00000007ada80000)
  to   space 24064K, 0% used [0x00000007aaa80000,0x00000007aaa80000,0x00000007ac200000)
 ParOldGen       total 110592K, used 29383K [0x0000000704c00000, 0x000000070b800000, 0x0000000781980000)
  object space 110592K, 26% used [0x0000000704c00000,0x00000007068b1df0,0x000000070b800000)
 Metaspace       used 58317K, capacity 58898K, committed 59160K, reserved 1101824K
  class space    used 7628K, capacity 7728K, committed 7728K, reserved 1048576K
}
Event: 47.436 GC heap before
{Heap before GC invocations=13 (full 3):
 PSYoungGen      total 697856K, used 10616K [0x0000000781980000, 0x00000007b4200000, 0x00000007c0000000)
  eden space 672768K, 0% used [0x0000000781980000,0x0000000781980000,0x00000007aaa80000)
  from space 25088K, 42% used [0x00000007ac200000,0x00000007acc5e058,0x00000007ada80000)
  to   space 24064K, 0% used [0x00000007aaa80000,0x00000007aaa80000,0x00000007ac200000)
 ParOldGen       total 110592K, used 29383K [0x0000000704c00000, 0x000000070b800000, 0x0000000781980000)
  object space 110592K, 26% used [0x0000000704c00000,0x00000007068b1df0,0x000000070b800000)
 Metaspace       used 58317K, capacity 58898K, committed 59160K, reserved 1101824K
  class space    used 7628K, capacity 7728K, committed 7728K, reserved 1048576K
Event: 47.730 GC heap after
Heap after GC invocations=13 (full 3):
 PSYoungGen      total 697856K, used 0K [0x0000000781980000, 0x00000007b4200000, 0x00000007c0000000)
  eden space 672768K, 0% used [0x0000000781980000,0x0000000781980000,0x00000007aaa80000)
  from space 25088K, 0% used [0x00000007ac200000,0x00000007ac200000,0x00000007ada80000)
  to   space 24064K, 0% used [0x00000007aaa80000,0x00000007aaa80000,0x00000007ac200000)
 ParOldGen       total 132096K, used 32594K [0x0000000704c00000, 0x000000070cd00000, 0x0000000781980000)
  object space 132096K, 24% used [0x0000000704c00000,0x0000000706bd48f8,0x000000070cd00000)
 Metaspace       used 58317K, capacity 58898K, committed 59160K, reserved 1101824K
  class space    used 7628K, capacity 7728K, committed 7728K, reserved 1048576K
}

